+--------+----------+---------------------------------------------------------------+---------------------+-------------------------------------------------------------------------+----------------------------------------------------+
| Domain | Method   | URI                                                           | Name                | Action                                                                  | Middleware                                         |
+--------+----------+---------------------------------------------------------------+---------------------+-------------------------------------------------------------------------+----------------------------------------------------+
|        | GET|HEAD | api_docs                                                      | apidoc              | Mpociot\ApiDoc\Http\Controller@html                                     |                                                    |
|        | GET|HEAD | api_docs.json                                                 | apidoc.json         | Mpociot\ApiDoc\Http\Controller@json                                     |                                                    |
|        | POST     | campaigns                                                     | campaign.store      | App\Http\Controllers\DigitalCampaignsController@store                   | web                                                |
|        |          |                                                               |                     |                                                                         | App\Http\Middleware\UserAuth                       |
|        |          |                                                               |                     |                                                                         | App\Http\Middleware\UserSugarAuth                  |
|        | GET|HEAD | campaigns                                                     | campaigns           | App\Http\Controllers\DigitalCampaignsController@index                   | web                                                |
|        |          |                                                               |                     |                                                                         | App\Http\Middleware\UserAuth                       |
|        |          |                                                               |                     |                                                                         | App\Http\Middleware\UserSugarAuth                  |
|        | GET|HEAD | carMatch/{id}                                                 |                     | App\Http\Controllers\CarMatchController@getCarMatch                     | web                                                |
|        |          |                                                               |                     |                                                                         | App\Http\Middleware\UserAuth                       |
|        | GET|HEAD | client/{numero_identificacion}                                |                     | App\Http\Controllers\ContactsController@client                          | web                                                |
|        |          |                                                               |                     |                                                                         | App\Http\Middleware\UserAuth                       |
|        | POST     | confirm-password                                              |                     | App\Http\Controllers\Auth\ConfirmablePasswordController@store           | web                                                |
|        |          |                                                               |                     |                                                                         | App\Http\Middleware\Authenticate                   |
|        | GET|HEAD | confirm-password                                              | password.confirm    | App\Http\Controllers\Auth\ConfirmablePasswordController@show            | web                                                |
|        |          |                                                               |                     |                                                                         | App\Http\Middleware\Authenticate                   |
|        | GET|HEAD | consultaApiCabecera                                           |                     | App\Http\Controllers\Servicios3sController@consultaApiCabecera          | web                                                |
|        | GET|HEAD | dashboard                                                     | dashboard           | Closure                                                                 | web                                                |
|        |          |                                                               |                     |                                                                         | App\Http\Middleware\Authenticate                   |
|        | POST     | email/verification-notification                               | verification.send   | App\Http\Controllers\Auth\EmailVerificationNotificationController@store | web                                                |
|        |          |                                                               |                     |                                                                         | App\Http\Middleware\Authenticate                   |
|        |          |                                                               |                     |                                                                         | Illuminate\Routing\Middleware\ThrottleRequests:6,1 |
|        | GET|HEAD | error                                                         | error               | App\Http\Controllers\ErrorController@show                               | web                                                |
|        |          |                                                               |                     |                                                                         | App\Http\Middleware\UserAuth                       |
|        |          |                                                               |                     |                                                                         | App\Http\Middleware\UserSugarAuth                  |
|        | POST     | forgot-password                                               | password.email      | App\Http\Controllers\Auth\PasswordResetLinkController@store             | web                                                |
|        |          |                                                               |                     |                                                                         | App\Http\Middleware\RedirectIfAuthenticated        |
|        | GET|HEAD | forgot-password                                               | password.request    | App\Http\Controllers\Auth\PasswordResetLinkController@create            | web                                                |
|        |          |                                                               |                     |                                                                         | App\Http\Middleware\RedirectIfAuthenticated        |
|        | GET|HEAD | interactionChat/{id}                                          |                     | App\Http\Controllers\TicketsController@getChat                          | web                                                |
|        |          |                                                               |                     |                                                                         | App\Http\Middleware\UserAuth                       |
|        | GET|HEAD | listComercialUsers                                            |                     | App\Http\Controllers\SugarUserBlocked@listComercialUsers                | web                                                |
|        |          |                                                               |                     |                                                                         | App\Http\Middleware\UserAuth                       |
|        | POST     | login                                                         |                     | App\Http\Controllers\Auth\AuthenticatedSessionController@store          | web                                                |
|        |          |                                                               |                     |                                                                         | App\Http\Middleware\RedirectIfAuthenticated        |
|        | GET|HEAD | login                                                         | login               | App\Http\Controllers\Auth\AuthenticatedSessionController@create         | web                                                |
|        |          |                                                               |                     |                                                                         | App\Http\Middleware\RedirectIfAuthenticated        |
|        | GET|HEAD | login_sugar                                                   | login_sugar.index   | App\Http\Controllers\AuthSugarController@index                          | web                                                |
|        |          |                                                               |                     |                                                                         | App\Http\Middleware\UserAuth                       |
|        | POST     | login_sugar                                                   | login_sugar         | App\Http\Controllers\AuthSugarController@login                          | web                                                |
|        |          |                                                               |                     |                                                                         | App\Http\Middleware\UserAuth                       |
|        | POST     | logout                                                        | logout              | App\Http\Controllers\Auth\AuthenticatedSessionController@destroy        | web                                                |
|        |          |                                                               |                     |                                                                         | App\Http\Middleware\Authenticate                   |
|        | GET|HEAD | logout_sugar                                                  | logout_sugar        | App\Http\Controllers\AuthSugarController@logout                         | web                                                |
|        |          |                                                               |                     |                                                                         | App\Http\Middleware\UserAuth                       |
|        | POST     | register                                                      |                     | App\Http\Controllers\Auth\RegisteredUserController@store                | web                                                |
|        |          |                                                               |                     |                                                                         | App\Http\Middleware\RedirectIfAuthenticated        |
|        | GET|HEAD | register                                                      | register            | App\Http\Controllers\Auth\RegisteredUserController@create               | web                                                |
|        |          |                                                               |                     |                                                                         | App\Http\Middleware\RedirectIfAuthenticated        |
|        | POST     | reset-password                                                | password.update     | App\Http\Controllers\Auth\NewPasswordController@store                   | web                                                |
|        |          |                                                               |                     |                                                                         | App\Http\Middleware\RedirectIfAuthenticated        |
|        | GET|HEAD | reset-password/{token}                                        | password.reset      | App\Http\Controllers\Auth\NewPasswordController@create                  | web                                                |
|        |          |                                                               |                     |                                                                         | App\Http\Middleware\RedirectIfAuthenticated        |
|        | GET|HEAD | s3sCarMatch/{id}                                              |                     | App\Http\Controllers\CarMatchController@getS3sCarMatch                  | web                                                |
|        |          |                                                               |                     |                                                                         | App\Http\Middleware\UserAuth                       |
|        | GET|HEAD | sanctum/csrf-cookie                                           |                     | Laravel\Sanctum\Http\Controllers\CsrfCookieController@show              | web                                                |
|        | GET|HEAD | services/getAdvisers                                          | getAdvisers         | App\Http\Controllers\ServicesController@getAdvisers                     | web                                                |
|        |          |                                                               |                     |                                                                         | App\Http\Middleware\UserAuth                       |
|        |          |                                                               |                     |                                                                         | App\Http\Middleware\UserSugarAuth                  |
|        | GET|HEAD | services/getBussiness                                         | getBussiness        | App\Http\Controllers\ServicesController@getBussiness                    | web                                                |
|        |          |                                                               |                     |                                                                         | App\Http\Middleware\UserAuth                       |
|        |          |                                                               |                     |                                                                         | App\Http\Middleware\UserSugarAuth                  |
|        | GET|HEAD | services/getDocument                                          | getDocument         | App\Http\Controllers\ServicesController@getDocument                     | web                                                |
|        |          |                                                               |                     |                                                                         | App\Http\Middleware\UserAuth                       |
|        |          |                                                               |                     |                                                                         | App\Http\Middleware\UserSugarAuth                  |
|        | POST     | sugarUserBlocked                                              |                     | App\Http\Controllers\SugarUserBlocked@store                             | web                                                |
|        |          |                                                               |                     |                                                                         | App\Http\Middleware\UserAuth                       |
|        | GET|HEAD | sugarUserBlocked                                              |                     | App\Http\Controllers\SugarUserBlocked@index                             | web                                                |
|        |          |                                                               |                     |                                                                         | App\Http\Middleware\UserAuth                       |
|        | GET|HEAD | talksHistory/{id}                                             |                     | App\Http\Controllers\TalksController@history                            | web                                                |
|        |          |                                                               |                     |                                                                         | App\Http\Middleware\UserAuth                       |
|        | GET|HEAD | ticketsForms/{id}                                             |                     | App\Http\Controllers\TicketsController@getForm                          | web                                                |
|        |          |                                                               |                     |                                                                         | App\Http\Middleware\UserAuth                       |
|        | GET|HEAD | ticketsHistory/{id}                                           |                     | App\Http\Controllers\TicketsController@history                          | web                                                |
|        |          |                                                               |                     |                                                                         | App\Http\Middleware\UserAuth                       |
|        | GET|HEAD | ticketsMain/{idModulo}/{idRegister}/{numeroIdentificacion}    |                     | App\Http\Controllers\TicketsController@main                             | web                                                |
|        |          |                                                               |                     |                                                                         | App\Http\Middleware\UserAuth                       |
|        | GET|HEAD | updateProspeccion                                             |                     | App\Http\Controllers\TicketsController@updateProspeccion                | web                                                |
|        |          |                                                               |                     |                                                                         | App\Http\Middleware\UserAuth                       |
|        | GET|HEAD | vehiculos/faces/jsp/consulta/masters/detalle.jsp/gestion_data | postventa.gestion   | App\Http\Controllers\GestionPostVentaController@gestions3s              | web                                                |
|        | GET|HEAD | vehiculos/faces/jsp/consulta/masters/detalle.jsp/{id}         | postventa.edita     | App\Http\Controllers\PostVentaEditaController                           | web                                                |
|        | GET|HEAD | vehiculos/faces/jsp/consulta/masters/list.jsp                 | postventa.indice    | App\Http\Controllers\PostVentaIndiceController                          | web                                                |
|        | GET|HEAD | verify-email                                                  | verification.notice | App\Http\Controllers\Auth\EmailVerificationPromptController@__invoke    | web                                                |
|        |          |                                                               |                     |                                                                         | App\Http\Middleware\Authenticate                   |
|        | GET|HEAD | verify-email/{id}/{hash}                                      | verification.verify | App\Http\Controllers\Auth\VerifyEmailController@__invoke                | web                                                |
|        |          |                                                               |                     |                                                                         | App\Http\Middleware\Authenticate                   |
|        |          |                                                               |                     |                                                                         | Illuminate\Routing\Middleware\ValidateSignature    |
|        |          |                                                               |                     |                                                                         | Illuminate\Routing\Middleware\ThrottleRequests:6,1 |
|        | GET|HEAD | {any}                                                         |                     | Closure                                                                 | web                                                |
+--------+----------+---------------------------------------------------------------+---------------------+-------------------------------------------------------------------------+----------------------------------------------------+
